#
# There is insufficient memory for the Java Runtime Environment to continue.
# Native memory allocation (malloc) failed to allocate 32744 bytes for ChunkPool::allocate
# Possible reasons:
#   The system is out of physical RAM or swap space
#   In 32 bit mode, the process size limit was hit
# Possible solutions:
#   Reduce memory load on the system
#   Increase physical memory or swap space
#   Check if swap backing store is full
#   Use 64 bit Java on a 64 bit OS
#   Decrease Java heap size (-Xmx/-Xms)
#   Decrease number of Java threads
#   Decrease Java thread stack sizes (-Xss)
#   Set larger code cache with -XX:ReservedCodeCacheSize=
# This output file may be truncated or incomplete.
#
#  Out of Memory Error (allocation.cpp:273), pid=16980, tid=0x0000000000002270
#
# JRE version: OpenJDK Runtime Environment (8.0_76-b03) (build 1.8.0_76-release-b03)
# Java VM: OpenJDK 64-Bit Server VM (25.76-b03 mixed mode windows-amd64 compressed oops)
# Failed to write core dump. Minidumps are not enabled by default on client versions of Windows
#

---------------  T H R E A D  ---------------

Current thread (0x000000001ad1d800):  JavaThread "C2 CompilerThread1" daemon [_thread_in_native, id=8816, stack(0x000000001b5b0000,0x000000001b6b0000)]

Stack: [0x000000001b5b0000,0x000000001b6b0000]
[error occurred during error reporting (printing stack bounds), id 0xc0000005]

Native frames: (J=compiled Java code, j=interpreted, Vv=VM code, C=native code)


Current CompileTask:
C2:  20799 3288   !   4       sun.net.www.ParseUtil::decode (316 bytes)


---------------  P R O C E S S  ---------------

Java Threads: ( => current thread )
  0x000000001cb63800 JavaThread "File lock request listener" [_thread_in_native, id=15068, stack(0x000000001fbf0000,0x000000001fcf0000)]
  0x000000001c517800 JavaThread "Stdin handler" [_thread_blocked, id=14788, stack(0x000000001e060000,0x000000001e160000)]
  0x000000001cbe5000 JavaThread "Asynchronous log dispatcher for org.gradle.launcher.daemon.server.DefaultDaemonConnection@33fa0f8e" [_thread_blocked, id=4040, stack(0x000000001df60000,0x000000001e060000)]
  0x000000001cbe1800 JavaThread "Daemon worker" [_thread_in_vm, id=14380, stack(0x000000001de60000,0x000000001df60000)]
  0x000000001cbdd800 JavaThread "Cancel handler" [_thread_blocked, id=12280, stack(0x000000001dd60000,0x000000001de60000)]
  0x000000001c908000 JavaThread "Handler for socket connection from /127.0.0.1:15441 to /127.0.0.1:15442" [_thread_in_native, id=13080, stack(0x000000001dc60000,0x000000001dd60000)]
  0x000000001cc40000 JavaThread "Daemon" [_thread_blocked, id=15044, stack(0x000000001db60000,0x000000001dc60000)]
  0x000000001cf73800 JavaThread "pool-1-thread-1" [_thread_blocked, id=5824, stack(0x000000001da60000,0x000000001db60000)]
  0x000000001c846800 JavaThread "Incoming local TCP Connector on port 15441" [_thread_in_native, id=17332, stack(0x000000001d390000,0x000000001d490000)]
  0x000000001ad43000 JavaThread "Service Thread" daemon [_thread_blocked, id=15900, stack(0x000000001b8b0000,0x000000001b9b0000)]
  0x0000000018dbc000 JavaThread "C1 CompilerThread3" daemon [_thread_blocked, id=10924, stack(0x000000001b7b0000,0x000000001b8b0000)]
  0x000000001ad20000 JavaThread "C2 CompilerThread2" daemon [_thread_in_native, id=14496, stack(0x000000001b6b0000,0x000000001b7b0000)]
=>0x000000001ad1d800 JavaThread "C2 CompilerThread1" daemon [_thread_in_native, id=8816, stack(0x000000001b5b0000,0x000000001b6b0000)]
  0x000000001ad1a800 JavaThread "C2 CompilerThread0" daemon [_thread_in_native, id=16536, stack(0x000000001b4b0000,0x000000001b5b0000)]
  0x000000001ad1a000 JavaThread "Attach Listener" daemon [_thread_blocked, id=9652, stack(0x000000001b3b0000,0x000000001b4b0000)]
  0x000000001ad19800 JavaThread "Signal Dispatcher" daemon [_thread_blocked, id=15664, stack(0x000000001b2b0000,0x000000001b3b0000)]
  0x000000001acb0800 JavaThread "Finalizer" daemon [_thread_blocked, id=12220, stack(0x000000001b090000,0x000000001b190000)]
  0x0000000004fe6800 JavaThread "Reference Handler" daemon [_thread_blocked, id=2368, stack(0x000000001ab90000,0x000000001ac90000)]
  0x0000000004eed800 JavaThread "main" [_thread_blocked, id=8664, stack(0x0000000004dc0000,0x0000000004ec0000)]

Other Threads:
  0x0000000018da5800 VMThread [stack: 0x000000001aa90000,0x000000001ab90000] [id=15020]
  0x000000001ad43800 WatcherThread [stack: 0x000000001b9b0000,0x000000001bab0000] [id=6972]

VM state:not at safepoint (normal execution)

VM Mutex/Monitor currently owned by a thread: None

Heap:
 PSYoungGen      total 54272K, used 40594K [0x00000000e0000000, 0x00000000e4000000, 0x0000000100000000)
  eden space 44032K, 82% used [0x00000000e0000000,0x00000000e236c818,0x00000000e2b00000)
  from space 10240K, 42% used [0x00000000e3600000,0x00000000e3a38020,0x00000000e4000000)
  to   space 10752K, 0% used [0x00000000e2b00000,0x00000000e2b00000,0x00000000e3580000)
 ParOldGen       total 48128K, used 9552K [0x00000000a0000000, 0x00000000a2f00000, 0x00000000e0000000)
  object space 48128K, 19% used [0x00000000a0000000,0x00000000a0954228,0x00000000a2f00000)
 Metaspace       used 28938K, capacity 29542K, committed 29744K, reserved 1075200K
  class space    used 3946K, capacity 4107K, committed 4144K, reserved 1048576K

Card table byte_map: [0x00000000143b0000,0x00000000146c0000] byte_map_base: 0x0000000013eb0000

Marking Bits: (ParMarkBitMap*) 0x000000005d9d9d00
 Begin Bits: [0x00000000150c0000, 0x00000000168c0000)
 End Bits:   [0x00000000168c0000, 0x00000000180c0000)

Polling page: 0x0000000002e10000

CodeCache: size=245760Kb used=12466Kb max_used=12478Kb free=233293Kb
 bounds [0x0000000004ff0000, 0x0000000005c30000, 0x0000000013ff0000]
 total_blobs=3759 nmethods=3116 adapters=556
 compilation: enabled

Compilation events (10 events):
Event: 20.738 Thread 0x0000000018dbc000 nmethod 3283 0x0000000005c253d0 code [0x0000000005c25560, 0x0000000005c25a70]
Event: 20.738 Thread 0x0000000018dbc000 3284       3       org.codehaus.groovy.reflection.stdclasses.CachedSAMClass::isAssignableFrom (30 bytes)
Event: 20.738 Thread 0x0000000018dbc000 nmethod 3284 0x0000000005c24c50 code [0x0000000005c24de0, 0x0000000005c252b8]
Event: 20.740 Thread 0x0000000018dbc000 3285       3       groovy.lang.MetaClassImpl$1::compare (13 bytes)
Event: 20.740 Thread 0x000000001ad1d800 3287       4       org.codehaus.groovy.util.SingleKeyHashMap::getOrPut (137 bytes)
Event: 20.740 Thread 0x0000000018dbc000 nmethod 3285 0x0000000005c272d0 code [0x0000000005c274a0, 0x0000000005c27f48]
Event: 20.740 Thread 0x0000000018dbc000 3286       3       groovy.lang.MetaClassImpl$1::compare (12 bytes)
Event: 20.741 Thread 0x0000000018dbc000 nmethod 3286 0x0000000005c28350 code [0x0000000005c28500, 0x0000000005c28d08]
Event: 20.745 Thread 0x000000001ad1d800 nmethod 3287 0x0000000005c26b10 code [0x0000000005c26c80, 0x0000000005c27008]
Event: 20.745 Thread 0x000000001ad1d800 3288   !   4       sun.net.www.ParseUtil::decode (316 bytes)

GC Heap History (10 events):
Event: 11.109 GC heap before
{Heap before GC invocations=5 (full 1):
 PSYoungGen      total 37888K, used 5117K [0x00000000e0000000, 0x00000000e2a00000, 0x0000000100000000)
  eden space 32768K, 0% used [0x00000000e0000000,0x00000000e0000000,0x00000000e2000000)
  from space 5120K, 99% used [0x00000000e2500000,0x00000000e29ff680,0x00000000e2a00000)
  to   space 5120K, 0% used [0x00000000e2000000,0x00000000e2000000,0x00000000e2500000)
 ParOldGen       total 86016K, used 9065K [0x00000000a0000000, 0x00000000a5400000, 0x00000000e0000000)
  object space 86016K, 10% used [0x00000000a0000000,0x00000000a08da570,0x00000000a5400000)
 Metaspace       used 20862K, capacity 21264K, committed 21296K, reserved 1067008K
  class space    used 2724K, capacity 2852K, committed 2864K, reserved 1048576K
Event: 11.185 GC heap after
Heap after GC invocations=5 (full 1):
 PSYoungGen      total 37888K, used 0K [0x00000000e0000000, 0x00000000e2a00000, 0x0000000100000000)
  eden space 32768K, 0% used [0x00000000e0000000,0x00000000e0000000,0x00000000e2000000)
  from space 5120K, 0% used [0x00000000e2500000,0x00000000e2500000,0x00000000e2a00000)
  to   space 5120K, 0% used [0x00000000e2000000,0x00000000e2000000,0x00000000e2500000)
 ParOldGen       total 48128K, used 9528K [0x00000000a0000000, 0x00000000a2f00000, 0x00000000e0000000)
  object space 48128K, 19% used [0x00000000a0000000,0x00000000a094e228,0x00000000a2f00000)
 Metaspace       used 20862K, capacity 21264K, committed 21296K, reserved 1067008K
  class space    used 2724K, capacity 2852K, committed 2864K, reserved 1048576K
}
Event: 13.054 GC heap before
{Heap before GC invocations=6 (full 1):
 PSYoungGen      total 37888K, used 32768K [0x00000000e0000000, 0x00000000e2a00000, 0x0000000100000000)
  eden space 32768K, 100% used [0x00000000e0000000,0x00000000e2000000,0x00000000e2000000)
  from space 5120K, 0% used [0x00000000e2500000,0x00000000e2500000,0x00000000e2a00000)
  to   space 5120K, 0% used [0x00000000e2000000,0x00000000e2000000,0x00000000e2500000)
 ParOldGen       total 48128K, used 9528K [0x00000000a0000000, 0x00000000a2f00000, 0x00000000e0000000)
  object space 48128K, 19% used [0x00000000a0000000,0x00000000a094e228,0x00000000a2f00000)
 Metaspace       used 23420K, capacity 23996K, committed 24112K, reserved 1071104K
  class space    used 3143K, capacity 3311K, committed 3376K, reserved 1048576K
Event: 13.059 GC heap after
Heap after GC invocations=6 (full 1):
 PSYoungGen      total 37376K, used 4477K [0x00000000e0000000, 0x00000000e3580000, 0x0000000100000000)
  eden space 32256K, 0% used [0x00000000e0000000,0x00000000e0000000,0x00000000e1f80000)
  from space 5120K, 87% used [0x00000000e2000000,0x00000000e245f5c8,0x00000000e2500000)
  to   space 11264K, 0% used [0x00000000e2a80000,0x00000000e2a80000,0x00000000e3580000)
 ParOldGen       total 48128K, used 9536K [0x00000000a0000000, 0x00000000a2f00000, 0x00000000e0000000)
  object space 48128K, 19% used [0x00000000a0000000,0x00000000a0950228,0x00000000a2f00000)
 Metaspace       used 23420K, capacity 23996K, committed 24112K, reserved 1071104K
  class space    used 3143K, capacity 3311K, committed 3376K, reserved 1048576K
}
Event: 14.156 GC heap before
{Heap before GC invocations=7 (full 1):
 PSYoungGen      total 37376K, used 36733K [0x00000000e0000000, 0x00000000e3580000, 0x0000000100000000)
  eden space 32256K, 100% used [0x00000000e0000000,0x00000000e1f80000,0x00000000e1f80000)
  from space 5120K, 87% used [0x00000000e2000000,0x00000000e245f5c8,0x00000000e2500000)
  to   space 11264K, 0% used [0x00000000e2a80000,0x00000000e2a80000,0x00000000e3580000)
 ParOldGen       total 48128K, used 9536K [0x00000000a0000000, 0x00000000a2f00000, 0x00000000e0000000)
  object space 48128K, 19% used [0x00000000a0000000,0x00000000a0950228,0x00000000a2f00000)
 Metaspace       used 25887K, capacity 26474K, committed 26544K, reserved 1073152K
  class space    used 3565K, capacity 3707K, committed 3760K, reserved 1048576K
Event: 14.164 GC heap after
Heap after GC invocations=7 (full 1):
 PSYoungGen      total 43520K, used 5071K [0x00000000e0000000, 0x00000000e4100000, 0x0000000100000000)
  eden space 32256K, 0% used [0x00000000e0000000,0x00000000e0000000,0x00000000e1f80000)
  from space 11264K, 45% used [0x00000000e2a80000,0x00000000e2f73c00,0x00000000e3580000)
  to   space 11264K, 0% used [0x00000000e1f80000,0x00000000e1f80000,0x00000000e2a80000)
 ParOldGen       total 48128K, used 9536K [0x00000000a0000000, 0x00000000a2f00000, 0x00000000e0000000)
  object space 48128K, 19% used [0x00000000a0000000,0x00000000a0950228,0x00000000a2f00000)
 Metaspace       used 25887K, capacity 26474K, committed 26544K, reserved 1073152K
  class space    used 3565K, capacity 3707K, committed 3760K, reserved 1048576K
}
Event: 15.260 GC heap before
{Heap before GC invocations=8 (full 1):
 PSYoungGen      total 43520K, used 37327K [0x00000000e0000000, 0x00000000e4100000, 0x0000000100000000)
  eden space 32256K, 100% used [0x00000000e0000000,0x00000000e1f80000,0x00000000e1f80000)
  from space 11264K, 45% used [0x00000000e2a80000,0x00000000e2f73c00,0x00000000e3580000)
  to   space 11264K, 0% used [0x00000000e1f80000,0x00000000e1f80000,0x00000000e2a80000)
 ParOldGen       total 48128K, used 9536K [0x00000000a0000000, 0x00000000a2f00000, 0x00000000e0000000)
  object space 48128K, 19% used [0x00000000a0000000,0x00000000a0950228,0x00000000a2f00000)
 Metaspace       used 28022K, capacity 28604K, committed 28976K, reserved 1075200K
  class space    used 3859K, capacity 4030K, committed 4144K, reserved 1048576K
Event: 15.265 GC heap after
Heap after GC invocations=8 (full 1):
 PSYoungGen      total 43520K, used 4986K [0x00000000e0000000, 0x00000000e4080000, 0x0000000100000000)
  eden space 32256K, 0% used [0x00000000e0000000,0x00000000e0000000,0x00000000e1f80000)
  from space 11264K, 44% used [0x00000000e1f80000,0x00000000e245eb60,0x00000000e2a80000)
  to   space 10752K, 0% used [0x00000000e3600000,0x00000000e3600000,0x00000000e4080000)
 ParOldGen       total 48128K, used 9544K [0x00000000a0000000, 0x00000000a2f00000, 0x00000000e0000000)
  object space 48128K, 19% used [0x00000000a0000000,0x00000000a0952228,0x00000000a2f00000)
 Metaspace       used 28022K, capacity 28604K, committed 28976K, reserved 1075200K
  class space    used 3859K, capacity 4030K, committed 4144K, reserved 1048576K
}
Event: 16.645 GC heap before
{Heap before GC invocations=9 (full 1):
 PSYoungGen      total 43520K, used 37242K [0x00000000e0000000, 0x00000000e4080000, 0x0000000100000000)
  eden space 32256K, 100% used [0x00000000e0000000,0x00000000e1f80000,0x00000000e1f80000)
  from space 11264K, 44% used [0x00000000e1f80000,0x00000000e245eb60,0x00000000e2a80000)
  to   space 10752K, 0% used [0x00000000e3600000,0x00000000e3600000,0x00000000e4080000)
 ParOldGen       total 48128K, used 9544K [0x00000000a0000000, 0x00000000a2f00000, 0x00000000e0000000)
  object space 48128K, 19% used [0x00000000a0000000,0x00000000a0952228,0x00000000a2f00000)
 Metaspace       used 28222K, capacity 28802K, committed 28976K, reserved 1075200K
  class space    used 3865K, capacity 4031K, committed 4144K, reserved 1048576K
Event: 16.650 GC heap after
Heap after GC invocations=9 (full 1):
 PSYoungGen      total 54272K, used 4320K [0x00000000e0000000, 0x00000000e4000000, 0x0000000100000000)
  eden space 44032K, 0% used [0x00000000e0000000,0x00000000e0000000,0x00000000e2b00000)
  from space 10240K, 42% used [0x00000000e3600000,0x00000000e3a38020,0x00000000e4000000)
  to   space 10752K, 0% used [0x00000000e2b00000,0x00000000e2b00000,0x00000000e3580000)
 ParOldGen       total 48128K, used 9552K [0x00000000a0000000, 0x00000000a2f00000, 0x00000000e0000000)
  object space 48128K, 19% used [0x00000000a0000000,0x00000000a0954228,0x00000000a2f00000)
 Metaspace       used 28222K, capacity 28802K, committed 28976K, reserved 1075200K
  class space    used 3865K, capacity 4031K, committed 4144K, reserved 1048576K
}

Deoptimization events (10 events):
Event: 16.138 Thread 0x000000001cbe1800 Uncommon trap: reason=unstable_if action=reinterpret pc=0x00000000059ad91c method=org.apache.xerces.impl.XMLEntityScanner.scanContent(Lorg/apache/xerces/xni/XMLString;)I @ 134
Event: 16.139 Thread 0x000000001cbe1800 Uncommon trap: reason=unstable_if action=reinterpret pc=0x0000000005957984 method=org.apache.xerces.impl.XMLEntityScanner.skipSpaces()Z @ 70
Event: 16.210 Thread 0x000000001cbe1800 Uncommon trap: reason=unstable_if action=reinterpret pc=0x00000000059e4dfc method=org.apache.xerces.impl.XMLEntityScanner.scanData(Ljava/lang/String;Lorg/apache/xerces/util/XMLStringBuffer;)Z @ 332
Event: 16.210 Thread 0x000000001cbe1800 Uncommon trap: reason=unstable_if action=reinterpret pc=0x00000000059581e8 method=org.apache.xerces.impl.XMLEntityScanner.peekChar()I @ 53
Event: 16.211 Thread 0x000000001cbe1800 Uncommon trap: reason=unstable_if action=reinterpret pc=0x00000000059bee70 method=org.apache.xerces.impl.XMLEntityScanner.scanData(Ljava/lang/String;Lorg/apache/xerces/util/XMLStringBuffer;)Z @ 937
Event: 16.211 Thread 0x000000001cbe1800 Uncommon trap: reason=unstable_if action=reinterpret pc=0x0000000005a658c0 method=org.apache.xerces.impl.XMLEntityScanner.scanContent(Lorg/apache/xerces/xni/XMLString;)I @ 684
Event: 16.582 Thread 0x000000001cbe1800 Uncommon trap: reason=unstable_if action=reinterpret pc=0x000000000596d040 method=org.apache.xerces.impl.io.UTF8Reader.read([CII)I @ 123
Event: 16.626 Thread 0x000000001cbe1800 Uncommon trap: reason=unstable_if action=reinterpret pc=0x0000000005aa90e0 method=org.apache.xerces.impl.XMLEntityScanner.scanData(Ljava/lang/String;Lorg/apache/xerces/util/XMLStringBuffer;)Z @ 673
Event: 17.019 Thread 0x000000001cbe1800 Uncommon trap: reason=unstable_if action=reinterpret pc=0x0000000005a55d8c method=org.apache.xerces.impl.XMLEntityScanner.skipSpaces()Z @ 70
Event: 20.435 Thread 0x000000001cbe5000 Uncommon trap: reason=unstable_if action=reinterpret pc=0x0000000005bb857c method=com.esotericsoftware.kryo.io.Output.writeString(Ljava/lang/CharSequence;)V @ 1

Internal exceptions (10 events):
Event: 20.425 Thread 0x000000001cbe1800 Exception <a 'java/lang/ClassNotFoundException': org/gradle/api/DefaultTaskBeanInfo> (0x00000000e1fe90e8) thrown at [C:\src\android\AOSP-openjdk\external\jetbrains\jdk\hotspot\src\share\vm\classfile\systemDictionary.cpp, line 210]
Event: 20.425 Thread 0x000000001cbe1800 Exception <a 'java/lang/ClassNotFoundException': org/gradle/api/internal/AbstractTaskBeanInfo> (0x00000000e200ad48) thrown at [C:\src\android\AOSP-openjdk\external\jetbrains\jdk\hotspot\src\share\vm\classfile\systemDictionary.cpp, line 210]
Event: 20.426 Thread 0x000000001cbe1800 Exception <a 'java/lang/ClassNotFoundException': org/gradle/api/internal/AbstractTaskCustomizer> (0x00000000e202d370) thrown at [C:\src\android\AOSP-openjdk\external\jetbrains\jdk\hotspot\src\share\vm\classfile\systemDictionary.cpp, line 210]
Event: 20.428 Thread 0x000000001cbe1800 Exception <a 'java/lang/ClassNotFoundException': org/gradle/api/DefaultTaskCustomizer> (0x00000000e20a8230) thrown at [C:\src\android\AOSP-openjdk\external\jetbrains\jdk\hotspot\src\share\vm\classfile\systemDictionary.cpp, line 210]
Event: 20.429 Thread 0x000000001cbe1800 Exception <a 'java/lang/ClassNotFoundException': org/gradle/api/internal/ConventionTaskCustomizer> (0x00000000e20d9640) thrown at [C:\src\android\AOSP-openjdk\external\jetbrains\jdk\hotspot\src\share\vm\classfile\systemDictionary.cpp, line 210]
Event: 20.430 Thread 0x000000001cbe1800 Exception <a 'java/lang/ClassNotFoundException': org/gradle/api/tasks/DeleteCustomizer> (0x00000000e2109260) thrown at [C:\src\android\AOSP-openjdk\external\jetbrains\jdk\hotspot\src\share\vm\classfile\systemDictionary.cpp, line 210]
Event: 20.432 Thread 0x000000001cbe1800 Exception <a 'java/lang/ClassNotFoundException': org/gradle/api/tasks/Delete_DecoratedCustomizer> (0x00000000e2142428) thrown at [C:\src\android\AOSP-openjdk\external\jetbrains\jdk\hotspot\src\share\vm\classfile\systemDictionary.cpp, line 210]
Event: 20.435 Thread 0x000000001cbe5000 Implicit null exception at 0x0000000005bb82b0 to 0x0000000005bb8569
Event: 20.739 Thread 0x000000001cbe1800 Exception <a 'java/lang/ClassNotFoundException': build_cwlqt8n79anhu8f8x3mmt44bmBeanInfo> (0x00000000e2209c48) thrown at [C:\src\android\AOSP-openjdk\external\jetbrains\jdk\hotspot\src\share\vm\classfile\systemDictionary.cpp, line 210]
Event: 20.739 Thread 0x000000001cbe1800 Exception <a 'java/lang/ClassNotFoundException': build_cwlqt8n79anhu8f8x3mmt44bmCustomizer> (0x00000000e2218b60) thrown at [C:\src\android\AOSP-openjdk\external\jetbrains\jdk\hotspot\src\share\vm\classfile\systemDictionary.cpp, line 210]

Events (10 events):
Event: 20.741 loading class org/gradle/api/internal/plugins/DefaultObjectConfigurationAction$3
Event: 20.741 loading class org/gradle/api/internal/plugins/DefaultObjectConfigurationAction$3 done
Event: 20.742 loading class com/google/common/base/Absent
Event: 20.742 loading class com/google/common/base/Absent done
Event: 20.753 loading class com/android/build/gradle/AppPlugin
Event: 20.753 loading class com/android/build/gradle/AppPlugin done
Event: 20.754 loading class com/android/build/gradle/BasePlugin
Event: 20.754 loading class com/android/build/gradle/BasePlugin done
Event: 20.765 loading class com/android/build/gradle/internal/ToolingRegistryProvider
Event: 20.765 loading class com/android/build/gradle/internal/ToolingRegistryProvider done


Dynamic libraries:
0x00007ff65e760000 - 0x00007ff65e791000 	C:\Program Files\Android\Android Studio1\jre\bin\java.exe
0x00007ffa45af0000 - 0x00007ffa45cd0000 	C:\WINDOWS\SYSTEM32\ntdll.dll
0x00007ffa42fc0000 - 0x00007ffa4306e000 	C:\WINDOWS\System32\KERNEL32.DLL
0x00007ffa42b80000 - 0x00007ffa42de6000 	C:\WINDOWS\System32\KERNELBASE.dll
0x00007ffa43120000 - 0x00007ffa431c1000 	C:\WINDOWS\System32\ADVAPI32.dll
0x00007ffa434b0000 - 0x00007ffa4354d000 	C:\WINDOWS\System32\msvcrt.dll
0x00007ffa43550000 - 0x00007ffa435ab000 	C:\WINDOWS\System32\sechost.dll
0x00007ffa45160000 - 0x00007ffa4527f000 	C:\WINDOWS\System32\RPCRT4.dll
0x00007ffa456d0000 - 0x00007ffa4585f000 	C:\WINDOWS\System32\USER32.dll
0x00007ffa42f00000 - 0x00007ffa42f20000 	C:\WINDOWS\System32\win32u.dll
0x00007ffa435b0000 - 0x00007ffa435d8000 	C:\WINDOWS\System32\GDI32.dll
0x00007ffa42990000 - 0x00007ffa42b23000 	C:\WINDOWS\System32\gdi32full.dll
0x00007ffa42f20000 - 0x00007ffa42fbb000 	C:\WINDOWS\System32\msvcp_win.dll
0x00007ffa42890000 - 0x00007ffa42986000 	C:\WINDOWS\System32\ucrtbase.dll
0x00007ffa34c10000 - 0x00007ffa34e79000 	C:\WINDOWS\WinSxS\amd64_microsoft.windows.common-controls_6595b64144ccf1df_6.0.16299.192_none_15c8cdae9364c23b\COMCTL32.dll
0x00007ffa44cd0000 - 0x00007ffa44fd8000 	C:\WINDOWS\System32\combase.dll
0x00007ffa42640000 - 0x00007ffa426b2000 	C:\WINDOWS\System32\bcryptPrimitives.dll
0x00007ffa43860000 - 0x00007ffa4388d000 	C:\WINDOWS\System32\IMM32.DLL
0x000000005d140000 - 0x000000005d212000 	C:\Program Files\Android\Android Studio1\jre\jre\bin\msvcr100.dll
0x000000005d220000 - 0x000000005da54000 	C:\Program Files\Android\Android Studio1\jre\jre\bin\server\jvm.dll
0x00007ffa45930000 - 0x00007ffa45938000 	C:\WINDOWS\System32\PSAPI.DLL
0x00007ffa3d470000 - 0x00007ffa3d479000 	C:\WINDOWS\SYSTEM32\WSOCK32.dll
0x00007ffa3df40000 - 0x00007ffa3df4a000 	C:\WINDOWS\SYSTEM32\VERSION.dll
0x00007ffa3b360000 - 0x00007ffa3b383000 	C:\WINDOWS\SYSTEM32\WINMM.dll
0x00007ffa437f0000 - 0x00007ffa4385c000 	C:\WINDOWS\System32\WS2_32.dll
0x00007ffa3b330000 - 0x00007ffa3b35a000 	C:\WINDOWS\SYSTEM32\winmmbase.dll
0x00007ffa42b30000 - 0x00007ffa42b7a000 	C:\WINDOWS\System32\cfgmgr32.dll
0x00007ffa3c610000 - 0x00007ffa3c61f000 	C:\Program Files\Android\Android Studio1\jre\jre\bin\verify.dll
0x00007ffa3ad30000 - 0x00007ffa3ad59000 	C:\Program Files\Android\Android Studio1\jre\jre\bin\java.dll
0x00007ffa39a10000 - 0x00007ffa39a26000 	C:\Program Files\Android\Android Studio1\jre\jre\bin\zip.dll
0x00007ffa43890000 - 0x00007ffa44cc6000 	C:\WINDOWS\System32\SHELL32.dll
0x00007ffa43070000 - 0x00007ffa43116000 	C:\WINDOWS\System32\shcore.dll
0x00007ffa41ef0000 - 0x00007ffa42637000 	C:\WINDOWS\System32\windows.storage.dll
0x00007ffa44ff0000 - 0x00007ffa45041000 	C:\WINDOWS\System32\shlwapi.dll
0x00007ffa41ed0000 - 0x00007ffa41ee1000 	C:\WINDOWS\System32\kernel.appcore.dll
0x00007ffa41e80000 - 0x00007ffa41ecc000 	C:\WINDOWS\System32\powrprof.dll
0x00007ffa41e60000 - 0x00007ffa41e7b000 	C:\WINDOWS\System32\profapi.dll
0x00007ffa341a0000 - 0x00007ffa341ba000 	C:\Program Files\Android\Android Studio1\jre\jre\bin\net.dll
0x00007ffa416d0000 - 0x00007ffa41736000 	C:\WINDOWS\system32\mswsock.dll
0x00007ffa2b7b0000 - 0x00007ffa2b7c1000 	C:\Program Files\Android\Android Studio1\jre\jre\bin\nio.dll
0x00007ffa1e150000 - 0x00007ffa1e162000 	C:\Users\billy\.gradle\native\19\windows-amd64\native-platform.dll
0x00007ffa41890000 - 0x00007ffa418a7000 	C:\WINDOWS\SYSTEM32\CRYPTSP.dll
0x00007ffa412c0000 - 0x00007ffa412f3000 	C:\WINDOWS\system32\rsaenh.dll
0x00007ffa419a0000 - 0x00007ffa419c5000 	C:\WINDOWS\SYSTEM32\bcrypt.dll
0x00007ffa41d70000 - 0x00007ffa41d99000 	C:\WINDOWS\SYSTEM32\USERENV.dll
0x00007ffa418b0000 - 0x00007ffa418bb000 	C:\WINDOWS\SYSTEM32\CRYPTBASE.dll
0x00007ffa41460000 - 0x00007ffa41499000 	C:\WINDOWS\SYSTEM32\IPHLPAPI.DLL
0x00007ffa45940000 - 0x00007ffa45948000 	C:\WINDOWS\System32\NSI.dll
0x00007ffa3be60000 - 0x00007ffa3be76000 	C:\WINDOWS\SYSTEM32\dhcpcsvc6.DLL
0x00007ffa3cc70000 - 0x00007ffa3cc8a000 	C:\WINDOWS\SYSTEM32\dhcpcsvc.DLL
0x00007ffa3ace0000 - 0x00007ffa3aced000 	C:\Program Files\Android\Android Studio1\jre\jre\bin\management.dll

VM Arguments:
jvm_args: -Xmx1536m -Dfile.encoding=x-windows-949 -Duser.country=US -Duser.language=en -Duser.variant 
java_command: org.gradle.launcher.daemon.bootstrap.GradleDaemon 2.14.1
java_class_path (initial): C:\Users\billy\.gradle\wrapper\dists\gradle-2.14.1-all\8bnwg5hd3w55iofp58khbp6yv\gradle-2.14.1\lib\gradle-launcher-2.14.1.jar
Launcher Type: SUN_STANDARD

Environment Variables:
JAVA_HOME=C:\Program Files\Java\jdk1.8.0_91
PATH=c:\program files (x86)\razer chroma sdk\bin;c:\program files\razer chroma sdk\bin;c:\program files (x86)\intel\icls client\;c:\program files\intel\icls client\;c:\windows\system32;c:\windows;c:\windows\system32\wbem;c:\windows\system32\windowspowershell\v1.0\;c:\program files\intel\intel(r) management engine components\dal;c:\program files\intel\intel(r) management engine components\ipt;c:\program files (x86)\intel\intel(r) management engine components\dal;c:\program files (x86)\intel\intel(r) management engine components\ipt;c:\program files\intel\wifi\bin\;c:\program files\common files\intel\wirelesscommon\;c:\program files\microsoft sql server\110\tools\binn\;c:\program files (x86)\mysql\mysql fabric 1.5 & mysql utilities 1.5\;c:\program files (x86)\mysql\mysql fabric 1.5 & mysql utilities 1.5\doctrine extensions for php\;c:\program files\matlab\matlab production server\r2015a\runtime\win64;c:\program files\matlab\matlab production server\r2015a\bin;c:\program files\matlab\matlab production server\r2015a\polyspace\bin;c:\users\billy\appdata\local\android\sdk\platform-tools;c:\program files\java\jdk1.8.0_91\bin;c:\users\billy\appdata\local\android\sdk\tools;c:\program files\java\jre1.8.0_91;c:\program files\nodejs\;"c:\program files (x86)\appium\node_modules\.bin";c:\users\billy\appdata\local\microsoft\windowsapps;c:\users\billy\appdata\roaming\npm;c:\program files\git\cmd;c:\program files (x86)\skype\phone\;C:\Program Files (x86)\NVIDIA Corporation\PhysX\Common;%SystemRoot%\system32;%SystemRoot%;%SystemRoot%\System32\Wbem;%SYSTEMROOT%\System32\WindowsPowerShell\v1.0\;C:\Users\billy\AppData\Local\Microsoft\WindowsApps;C:\Users\billy\AppData\Roaming\npm;
USERNAME=billy
OS=Windows_NT
PROCESSOR_IDENTIFIER=Intel64 Family 6 Model 60 Stepping 3, GenuineIntel



---------------  S Y S T E M  ---------------

OS: Windows 10.0 , 64 bit Build 16299 (10.0.16299.15)

CPU:total 8 (4 cores per cpu, 2 threads per core) family 6 model 60 stepping 3, cmov, cx8, fxsr, mmx, sse, sse2, sse3, ssse3, sse4.1, sse4.2, popcnt, avx, avx2, aes, clmul, erms, lzcnt, ht, tsc, tscinvbit, bmi1, bmi2

Memory: 4k page, physical 8177944k(1333492k free), swap 12372248k(4148k free)

vm_info: OpenJDK 64-Bit Server VM (25.76-b03) for windows-amd64 JRE (1.8.0_76-release-b03), built on Jun 29 2016 19:09:20 by "ralucas" with MS VC++ 10.0 (VS2010)

time: Mon Feb 12 19:59:41 2018
elapsed time: 20 seconds (0d 0h 0m 20s)

